<testsuites id="" name="" tests="2" failures="1" skipped="1" errors="0" time="0.9065280000000001">
<testsuite name="TC_01_login.spec.js" timestamp="2025-10-02T05:22:07.767Z" hostname="Chrome" tests="2" failures="1" skipped="1" time="0.003" errors="0">
<testcase name="User should be able to login with valid credentials" classname="TC_01_login.spec.js" time="0.003">
<failure message="TC_01_login.spec.js:11:5 User should be able to login with valid credentials" type="FAILURE">
<![CDATA[  [Chrome] › TC_01_login.spec.js:11:5 › User should be able to login with valid credentials ────────

    Error: browserType.launch: Chromium distribution 'chrome' is not found at /opt/google/chrome/chrome
    Run "npx playwright install chrome"

    attachment #1: trace (application/zip) ─────────────────────────────────────────────────────────
    ../test-results/TC_01_login-User-should-be-e0e8e-ogin-with-valid-credentials-Chrome/trace.zip
    Usage:

        npx playwright show-trace ../test-results/TC_01_login-User-should-be-e0e8e-ogin-with-valid-credentials-Chrome/trace.zip

    ────────────────────────────────────────────────────────────────────────────────────────────────
]]>
</failure>
<system-out>
<![CDATA[
[[ATTACHMENT|test-results/TC_01_login-User-should-be-e0e8e-ogin-with-valid-credentials-Chrome/trace.zip]]
]]>
</system-out>
</testcase>
<testcase name="User should not be able to login with Invalid credentials" classname="TC_01_login.spec.js" time="0">
<properties>
<property name="skip" value="">
</property>
</properties>
<skipped>
</skipped>
</testcase>
</testsuite>
</testsuites>